d:\final_projects_v10.2\puea\32bit\code\cognitiveradio\debug\vc140.pdb
d:\final_projects_v10.2\puea\32bit\code\cognitiveradio\debug\vc140.idb
d:\final_projects_v10.2\puea\32bit\code\cognitiveradio\debug\802_22.obj
d:\final_projects_v10.2\puea\32bit\code\cognitiveradio\debug\dcd.obj
d:\final_projects_v10.2\puea\32bit\code\cognitiveradio\debug\dsframe.obj
d:\final_projects_v10.2\puea\32bit\code\cognitiveradio\debug\dsmap.obj
d:\final_projects_v10.2\puea\32bit\code\cognitiveradio\debug\dsx.obj
d:\final_projects_v10.2\puea\32bit\code\cognitiveradio\debug\fch.obj
d:\final_projects_v10.2\puea\32bit\code\cognitiveradio\debug\fragmentation.obj
d:\final_projects_v10.2\puea\32bit\code\cognitiveradio\debug\incumbent.obj
d:\final_projects_v10.2\puea\32bit\code\cognitiveradio\debug\ofdma.obj
d:\final_projects_v10.2\puea\32bit\code\cognitiveradio\debug\packetforward.obj
d:\final_projects_v10.2\puea\32bit\code\cognitiveradio\debug\propagationmodel.obj
d:\final_projects_v10.2\puea\32bit\code\cognitiveradio\debug\sch.obj
d:\final_projects_v10.2\puea\32bit\code\cognitiveradio\debug\spectrummanager.obj
d:\final_projects_v10.2\puea\32bit\code\cognitiveradio\debug\ucd.obj
d:\final_projects_v10.2\puea\32bit\code\cognitiveradio\debug\usframe.obj
d:\final_projects_v10.2\puea\32bit\code\cognitiveradio\debug\usmap.obj
d:\final_projects_v10.2\puea\32bit\code\dll\cognitiveradio.lib
d:\final_projects_v10.2\puea\32bit\code\dll\cognitiveradio.exp
d:\final_projects_v10.2\puea\32bit\code\dll\libcognitiveradio.dll
d:\final_projects_v10.2\puea\32bit\code\dll\cognitiveradio.pdb
e:\final_projects_v10.2\puea\32bit\code\cognitiveradio\debug\802_22.obj
e:\final_projects_v10.2\puea\32bit\code\cognitiveradio\debug\dcd.obj
e:\final_projects_v10.2\puea\32bit\code\cognitiveradio\debug\dsframe.obj
e:\final_projects_v10.2\puea\32bit\code\cognitiveradio\debug\dsmap.obj
e:\final_projects_v10.2\puea\32bit\code\cognitiveradio\debug\dsx.obj
e:\final_projects_v10.2\puea\32bit\code\cognitiveradio\debug\fch.obj
e:\final_projects_v10.2\puea\32bit\code\cognitiveradio\debug\fragmentation.obj
e:\final_projects_v10.2\puea\32bit\code\cognitiveradio\debug\incumbent.obj
e:\final_projects_v10.2\puea\32bit\code\cognitiveradio\debug\ofdma.obj
e:\final_projects_v10.2\puea\32bit\code\cognitiveradio\debug\packetforward.obj
e:\final_projects_v10.2\puea\32bit\code\cognitiveradio\debug\propagationmodel.obj
e:\final_projects_v10.2\puea\32bit\code\cognitiveradio\debug\sch.obj
e:\final_projects_v10.2\puea\32bit\code\cognitiveradio\debug\spectrummanager.obj
e:\final_projects_v10.2\puea\32bit\code\cognitiveradio\debug\ucd.obj
e:\final_projects_v10.2\puea\32bit\code\cognitiveradio\debug\usframe.obj
e:\final_projects_v10.2\puea\32bit\code\cognitiveradio\debug\usmap.obj
e:\final_projects_v10.2\puea\32bit\code\cognitiveradio\debug\vc140.idb
e:\final_projects_v10.2\puea\32bit\code\cognitiveradio\debug\vc140.pdb
e:\final_projects_v10.2\puea\32bit\code\cognitiveradio\debug\cognitiveradio.tlog\cl.command.1.tlog
e:\final_projects_v10.2\puea\32bit\code\cognitiveradio\debug\cognitiveradio.tlog\cl.read.1.tlog
e:\final_projects_v10.2\puea\32bit\code\cognitiveradio\debug\cognitiveradio.tlog\cl.write.1.tlog
e:\final_projects_v10.2\puea\32bit\code\cognitiveradio\debug\cognitiveradio.tlog\cognitiveradio.write.1u.tlog
e:\final_projects_v10.2\puea\32bit\code\cognitiveradio\debug\cognitiveradio.tlog\link.command.1.tlog
e:\final_projects_v10.2\puea\32bit\code\cognitiveradio\debug\cognitiveradio.tlog\link.read.1.tlog
e:\final_projects_v10.2\puea\32bit\code\cognitiveradio\debug\cognitiveradio.tlog\link.write.1.tlog
